<?xml version="1.0" encoding="UTF-8"?>
<!-- Generated by org.testng.reporters.JUnitXMLReporter -->
<testsuite hostname="AJAKKULPF1KTGQ5" ignored="0" name="Default test" tests="1" failures="1" timestamp="2020-06-14T08:01:17 IST" time="2.171" errors="0">
  <testcase name="testapplication" time="2.116" classname="FinalProject.Finaltest.testSite">
    <failure type="org.openqa.selenium.SessionNotCreatedException" message="session not created: This version of ChromeDriver only supports Chrome version 81
Build info: version: &amp;apos;3.141.59&amp;apos;, revision: &amp;apos;e82be7d358&amp;apos;, time: &amp;apos;2018-11-14T08:17:03&amp;apos;
System info: host: &amp;apos;AJAKKULPF1KTGQ5&amp;apos;, ip: &amp;apos;192.168.43.50&amp;apos;, os.name: &amp;apos;Windows 10&amp;apos;, os.arch: &amp;apos;amd64&amp;apos;, os.version: &amp;apos;10.0&amp;apos;, java.version: &amp;apos;1.8.0_121&amp;apos;
Driver info: driver.version: ChromeDriver
remote stacktrace: Backtrace:
	Ordinal0 [0x00505F73+2449267]
	Ordinal0 [0x00438361+1606497]
	Ordinal0 [0x0032F969+522601]
	Ordinal0 [0x002C05F3+67059]
	Ordinal0 [0x002BCD92+52626]
	Ordinal0 [0x002DC127+180519]
	Ordinal0 [0x002DBF2D+180013]
	Ordinal0 [0x002D9E5B+171611]
	Ordinal0 [0x002C1DD8+73176]
	Ordinal0 [0x002C2E50+77392]
	Ordinal0 [0x002C2DE9+77289]
	Ordinal0 [0x0044D8D7+1693911]
	GetHandleVerifier [0x005A4036+522726]
	GetHandleVerifier [0x005A3D74+522020]
	GetHandleVerifier [0x005B9187+609079]
	GetHandleVerifier [0x005A48A6+524886]
	Ordinal0 [0x00445CBC+1662140]
	Ordinal0 [0x0044F23B+1700411]
	Ordinal0 [0x0044F3A3+1700771]
	Ordinal0 [0x00465215+1790485]
	BaseThreadInitThunk [0x778F6359+25]
	RtlGetAppContainerNamedObjectPath [0x77B37C24+228]
	RtlGetAppContainerNamedObjectPath [0x77B37BF4+180]
">
      <![CDATA[org.openqa.selenium.SessionNotCreatedException: session not created: This version of ChromeDriver only supports Chrome version 81
Build info: version: '3.141.59', revision: 'e82be7d358', time: '2018-11-14T08:17:03'
System info: host: 'AJAKKULPF1KTGQ5', ip: '192.168.43.50', os.name: 'Windows 10', os.arch: 'amd64', os.version: '10.0', java.version: '1.8.0_121'
Driver info: driver.version: ChromeDriver
remote stacktrace: Backtrace:
Ordinal0 [0x00505F73+2449267]
Ordinal0 [0x00438361+1606497]
Ordinal0 [0x0032F969+522601]
Ordinal0 [0x002C05F3+67059]
Ordinal0 [0x002BCD92+52626]
Ordinal0 [0x002DC127+180519]
Ordinal0 [0x002DBF2D+180013]
Ordinal0 [0x002D9E5B+171611]
Ordinal0 [0x002C1DD8+73176]
Ordinal0 [0x002C2E50+77392]
Ordinal0 [0x002C2DE9+77289]
Ordinal0 [0x0044D8D7+1693911]
GetHandleVerifier [0x005A4036+522726]
GetHandleVerifier [0x005A3D74+522020]
GetHandleVerifier [0x005B9187+609079]
GetHandleVerifier [0x005A48A6+524886]
Ordinal0 [0x00445CBC+1662140]
Ordinal0 [0x0044F23B+1700411]
Ordinal0 [0x0044F3A3+1700771]
Ordinal0 [0x00465215+1790485]
BaseThreadInitThunk [0x778F6359+25]
RtlGetAppContainerNamedObjectPath [0x77B37C24+228]
RtlGetAppContainerNamedObjectPath [0x77B37BF4+180]

at sun.reflect.NativeConstructorAccessorImpl.newInstance0(Native Method)
at sun.reflect.NativeConstructorAccessorImpl.newInstance(NativeConstructorAccessorImpl.java:62)
at sun.reflect.DelegatingConstructorAccessorImpl.newInstance(DelegatingConstructorAccessorImpl.java:45)
at java.lang.reflect.Constructor.newInstance(Constructor.java:423)
at org.openqa.selenium.remote.W3CHandshakeResponse.lambda$errorHandler$0(W3CHandshakeResponse.java:62)
at org.openqa.selenium.remote.HandshakeResponse.lambda$getResponseFunction$0(HandshakeResponse.java:30)
at org.openqa.selenium.remote.ProtocolHandshake.lambda$createSession$0(ProtocolHandshake.java:126)
at java.util.stream.ReferencePipeline$3$1.accept(ReferencePipeline.java:193)
at java.util.Spliterators$ArraySpliterator.tryAdvance(Spliterators.java:958)
at java.util.stream.ReferencePipeline.forEachWithCancel(ReferencePipeline.java:126)
at java.util.stream.AbstractPipeline.copyIntoWithCancel(AbstractPipeline.java:498)
at java.util.stream.AbstractPipeline.copyInto(AbstractPipeline.java:485)
at java.util.stream.AbstractPipeline.wrapAndCopyInto(AbstractPipeline.java:471)
at java.util.stream.FindOps$FindOp.evaluateSequential(FindOps.java:152)
at java.util.stream.AbstractPipeline.evaluate(AbstractPipeline.java:234)
at java.util.stream.ReferencePipeline.findFirst(ReferencePipeline.java:464)
at org.openqa.selenium.remote.ProtocolHandshake.createSession(ProtocolHandshake.java:128)
at org.openqa.selenium.remote.ProtocolHandshake.createSession(ProtocolHandshake.java:74)
at org.openqa.selenium.remote.HttpCommandExecutor.execute(HttpCommandExecutor.java:136)
at org.openqa.selenium.remote.service.DriverCommandExecutor.execute(DriverCommandExecutor.java:83)
at org.openqa.selenium.remote.RemoteWebDriver.execute(RemoteWebDriver.java:552)
at org.openqa.selenium.remote.RemoteWebDriver.startSession(RemoteWebDriver.java:213)
at org.openqa.selenium.remote.RemoteWebDriver.<init>(RemoteWebDriver.java:131)
at org.openqa.selenium.chrome.ChromeDriver.<init>(ChromeDriver.java:181)
at org.openqa.selenium.chrome.ChromeDriver.<init>(ChromeDriver.java:168)
at org.openqa.selenium.chrome.ChromeDriver.<init>(ChromeDriver.java:123)
at FinalProject.Finaltest.base.initialiseDriver(base.java:23)
at FinalProject.Finaltest.testSite.testapplication(testSite.java:12)
at sun.reflect.NativeMethodAccessorImpl.invoke0(Native Method)
at sun.reflect.NativeMethodAccessorImpl.invoke(NativeMethodAccessorImpl.java:62)
at sun.reflect.DelegatingMethodAccessorImpl.invoke(DelegatingMethodAccessorImpl.java:43)
at java.lang.reflect.Method.invoke(Method.java:498)
at org.testng.internal.MethodInvocationHelper.invokeMethod(MethodInvocationHelper.java:135)
at org.testng.internal.TestInvoker.invokeMethod(TestInvoker.java:598)
at org.testng.internal.TestInvoker.invokeTestMethod(TestInvoker.java:174)
at org.testng.internal.MethodRunner.runInSequence(MethodRunner.java:46)
at org.testng.internal.TestInvoker$MethodInvocationAgent.invoke(TestInvoker.java:821)
at org.testng.internal.TestInvoker.invokeTestMethods(TestInvoker.java:147)
at org.testng.internal.TestMethodWorker.invokeTestMethods(TestMethodWorker.java:146)
at org.testng.internal.TestMethodWorker.run(TestMethodWorker.java:128)
at java.util.ArrayList.forEach(ArrayList.java:1249)
at org.testng.TestRunner.privateRun(TestRunner.java:767)
at org.testng.TestRunner.run(TestRunner.java:588)
at org.testng.SuiteRunner.runTest(SuiteRunner.java:384)
at org.testng.SuiteRunner.runSequentially(SuiteRunner.java:378)
at org.testng.SuiteRunner.privateRun(SuiteRunner.java:337)
at org.testng.SuiteRunner.run(SuiteRunner.java:286)
at org.testng.SuiteRunnerWorker.runSuite(SuiteRunnerWorker.java:53)
at org.testng.SuiteRunnerWorker.run(SuiteRunnerWorker.java:96)
at org.testng.TestNG.runSuitesSequentially(TestNG.java:1214)
at org.testng.TestNG.runSuitesLocally(TestNG.java:1136)
at org.testng.TestNG.runSuites(TestNG.java:1066)
at org.testng.TestNG.run(TestNG.java:1034)
at org.testng.remote.AbstractRemoteTestNG.run(AbstractRemoteTestNG.java:115)
at org.testng.remote.RemoteTestNG.initAndRun(RemoteTestNG.java:251)
at org.testng.remote.RemoteTestNG.main(RemoteTestNG.java:77)
]]>
    </failure>
  </testcase> <!-- testapplication -->
</testsuite> <!-- Default test -->
